2019-02-28 17:19:20 [main] INFO  c.s.keepnote.NoteServiceApplication -
				Starting NoteServiceApplication on PC428547 with PID 25008 (D:\Vijay\Work\KeepNote7\KeepNote-Step7-Boilerplate\NoteService\target\classes started by 712953 in D:\Vijay\Work\KeepNote7\KeepNote-Step7-Boilerplate\NoteService)
2019-02-28 17:19:20 [main] DEBUG c.s.keepnote.NoteServiceApplication -
				Running with Spring Boot v2.0.2.RELEASE, Spring v5.0.6.RELEASE
2019-02-28 17:19:20 [main] INFO  c.s.keepnote.NoteServiceApplication -
				No active profile set, falling back to default profiles: default
2019-02-28 17:19:20 [main] INFO  o.s.b.w.s.c.AnnotationConfigServletWebServerApplicationContext -
				Refreshing org.springframework.boot.web.servlet.context.AnnotationConfigServletWebServerApplicationContext@63475ace: startup date [Thu Feb 28 17:19:20 IST 2019]; root of context hierarchy
2019-02-28 17:19:22 [main] INFO  o.s.b.w.e.tomcat.TomcatWebServer -
				Tomcat initialized with port(s): 8082 (http)
2019-02-28 17:19:22 [main] INFO  o.a.coyote.http11.Http11NioProtocol -
				Initializing ProtocolHandler ["http-nio-8082"]
2019-02-28 17:19:22 [main] INFO  o.a.catalina.core.StandardService -
				Starting service [Tomcat]
2019-02-28 17:19:22 [main] INFO  o.a.catalina.core.StandardEngine -
				Starting Servlet Engine: Apache Tomcat/8.5.31
2019-02-28 17:19:22 [localhost-startStop-1] INFO  o.a.c.core.AprLifecycleListener -
				The APR based Apache Tomcat Native library which allows optimal performance in production environments was not found on the java.library.path: [C:\Program Files\Java\jdk1.8.0_141\bin;C:\WINDOWS\Sun\Java\bin;C:\WINDOWS\system32;C:\WINDOWS;C:/Program Files/Java/jre1.8.0_141/bin/server;C:/Program Files/Java/jre1.8.0_141/bin;C:/Program Files/Java/jre1.8.0_141/lib/amd64;C:\ProgramData\Oracle\Java\javapath;C:\WINDOWS\system32;C:\WINDOWS;C:\WINDOWS\System32\Wbem;C:\WINDOWS\System32\WindowsPowerShell\v1.0\;C:\Program Files\Git\cmd;C:\Users\712953\AppData\Local\Microsoft\WindowsApps;D:\Vijay\Softwares\mysql-8.0.15-winx64\bin;D:\Vijay\Softwares\node-v10.15.1-win-x86;;D:\spring-tool-suite-3.8.3.RELEASE-e4.6.2-win32-x86_64\sts-bundle\sts-3.8.3.RELEASE;;.]
2019-02-28 17:19:22 [localhost-startStop-1] INFO  o.a.c.c.C.[Tomcat].[localhost].[/] -
				Initializing Spring embedded WebApplicationContext
2019-02-28 17:19:22 [localhost-startStop-1] INFO  o.s.web.context.ContextLoader -
				Root WebApplicationContext: initialization completed in 1676 ms
2019-02-28 17:19:22 [localhost-startStop-1] INFO  o.s.b.w.s.FilterRegistrationBean -
				Mapping filter: 'characterEncodingFilter' to: [/*]
2019-02-28 17:19:22 [localhost-startStop-1] INFO  o.s.b.w.s.FilterRegistrationBean -
				Mapping filter: 'hiddenHttpMethodFilter' to: [/*]
2019-02-28 17:19:22 [localhost-startStop-1] INFO  o.s.b.w.s.FilterRegistrationBean -
				Mapping filter: 'httpPutFormContentFilter' to: [/*]
2019-02-28 17:19:22 [localhost-startStop-1] INFO  o.s.b.w.s.FilterRegistrationBean -
				Mapping filter: 'requestContextFilter' to: [/*]
2019-02-28 17:19:22 [localhost-startStop-1] INFO  o.s.b.w.s.FilterRegistrationBean -
				Mapping filter: 'jwtFilter' to urls: [/api/*]
2019-02-28 17:19:22 [localhost-startStop-1] INFO  o.s.b.w.s.ServletRegistrationBean -
				Servlet dispatcherServlet mapped to [/]
2019-02-28 17:19:22 [localhost-startStop-1] DEBUG c.s.keepnote.jwtfilter.JwtFilter -
				Initializing filter 'jwtFilter'
2019-02-28 17:19:22 [localhost-startStop-1] DEBUG c.s.keepnote.jwtfilter.JwtFilter -
				Filter 'jwtFilter' configured successfully
2019-02-28 17:19:22 [main] INFO  org.mongodb.driver.cluster -
				Cluster created with settings {hosts=[localhost:27017], mode=MULTIPLE, requiredClusterType=UNKNOWN, serverSelectionTimeout='30000 ms', maxWaitQueueSize=500}
2019-02-28 17:19:22 [main] INFO  org.mongodb.driver.cluster -
				Adding discovered server localhost:27017 to client view of cluster
2019-02-28 17:19:22 [cluster-ClusterId{value='5c77cac2e1795b61b0b9a0cf', description='null'}-localhost:27017] INFO  org.mongodb.driver.connection -
				Opened connection [connectionId{localValue:1, serverValue:23}] to localhost:27017
2019-02-28 17:19:22 [cluster-ClusterId{value='5c77cac2e1795b61b0b9a0cf', description='null'}-localhost:27017] INFO  org.mongodb.driver.cluster -
				Monitor thread successfully connected to server with description ServerDescription{address=localhost:27017, type=STANDALONE, state=CONNECTED, ok=true, version=ServerVersion{versionList=[4, 0, 6]}, minWireVersion=0, maxWireVersion=7, maxDocumentSize=16777216, logicalSessionTimeoutMinutes=30, roundTripTimeNanos=7180008}
2019-02-28 17:19:22 [cluster-ClusterId{value='5c77cac2e1795b61b0b9a0cf', description='null'}-localhost:27017] INFO  org.mongodb.driver.cluster -
				Discovered cluster type of STANDALONE
2019-02-28 17:19:23 [main] INFO  o.s.w.s.m.m.a.RequestMappingHandlerMapping -
				Mapped "{[/noteservice/api/v1/note/{userId}],methods=[GET]}" onto public org.springframework.http.ResponseEntity<?> com.stackroute.keepnote.controller.NoteController.getAllNoteByUserId(java.lang.String)
2019-02-28 17:19:23 [main] INFO  o.s.w.s.m.m.a.RequestMappingHandlerMapping -
				Mapped "{[/noteservice/api/v1/note],methods=[POST]}" onto public org.springframework.http.ResponseEntity<?> com.stackroute.keepnote.controller.NoteController.createNote(com.stackroute.keepnote.model.Note,javax.servlet.http.HttpServletRequest)
2019-02-28 17:19:23 [main] INFO  o.s.w.s.m.m.a.RequestMappingHandlerMapping -
				Mapped "{[/noteservice/api/v1/note/{userId}],methods=[DELETE]}" onto public org.springframework.http.ResponseEntity<?> com.stackroute.keepnote.controller.NoteController.deleteAllNotes(java.lang.String)
2019-02-28 17:19:23 [main] INFO  o.s.w.s.m.m.a.RequestMappingHandlerMapping -
				Mapped "{[/noteservice/api/v1/note/{userId}/{id}],methods=[PUT]}" onto public org.springframework.http.ResponseEntity<?> com.stackroute.keepnote.controller.NoteController.updateNote(java.lang.String,int,com.stackroute.keepnote.model.Note)
2019-02-28 17:19:23 [main] INFO  o.s.w.s.m.m.a.RequestMappingHandlerMapping -
				Mapped "{[/noteservice/api/v1/note/{userId}/{noteId}],methods=[GET]}" onto public org.springframework.http.ResponseEntity<?> com.stackroute.keepnote.controller.NoteController.getNoteByUserId(java.lang.String,int)
2019-02-28 17:19:23 [main] INFO  o.s.w.s.m.m.a.RequestMappingHandlerMapping -
				Mapped "{[/noteservice/api/v1/note/{userId}/{id}],methods=[DELETE]}" onto public org.springframework.http.ResponseEntity<?> com.stackroute.keepnote.controller.NoteController.deleteNote(java.lang.String,int)
2019-02-28 17:19:23 [main] INFO  o.s.w.s.m.m.a.RequestMappingHandlerMapping -
				Mapped "{[/swagger-resources/configuration/security]}" onto public org.springframework.http.ResponseEntity<springfox.documentation.swagger.web.SecurityConfiguration> springfox.documentation.swagger.web.ApiResourceController.securityConfiguration()
2019-02-28 17:19:23 [main] INFO  o.s.w.s.m.m.a.RequestMappingHandlerMapping -
				Mapped "{[/swagger-resources/configuration/ui]}" onto public org.springframework.http.ResponseEntity<springfox.documentation.swagger.web.UiConfiguration> springfox.documentation.swagger.web.ApiResourceController.uiConfiguration()
2019-02-28 17:19:23 [main] INFO  o.s.w.s.m.m.a.RequestMappingHandlerMapping -
				Mapped "{[/swagger-resources]}" onto public org.springframework.http.ResponseEntity<java.util.List<springfox.documentation.swagger.web.SwaggerResource>> springfox.documentation.swagger.web.ApiResourceController.swaggerResources()
2019-02-28 17:19:23 [main] INFO  o.s.w.s.m.m.a.RequestMappingHandlerMapping -
				Mapped "{[/error]}" onto public org.springframework.http.ResponseEntity<java.util.Map<java.lang.String, java.lang.Object>> org.springframework.boot.autoconfigure.web.servlet.error.BasicErrorController.error(javax.servlet.http.HttpServletRequest)
2019-02-28 17:19:23 [main] INFO  o.s.w.s.m.m.a.RequestMappingHandlerMapping -
				Mapped "{[/error],produces=[text/html]}" onto public org.springframework.web.servlet.ModelAndView org.springframework.boot.autoconfigure.web.servlet.error.BasicErrorController.errorHtml(javax.servlet.http.HttpServletRequest,javax.servlet.http.HttpServletResponse)
2019-02-28 17:19:23 [main] INFO  s.d.s.w.PropertySourcedRequestMappingHandlerMapping -
				Mapped URL path [/v2/api-docs] onto method [public org.springframework.http.ResponseEntity<springfox.documentation.spring.web.json.Json> springfox.documentation.swagger2.web.Swagger2Controller.getDocumentation(java.lang.String,javax.servlet.http.HttpServletRequest)]
2019-02-28 17:19:23 [main] INFO  o.s.w.s.h.SimpleUrlHandlerMapping -
				Mapped URL path [/**/favicon.ico] onto handler of type [class org.springframework.web.servlet.resource.ResourceHttpRequestHandler]
2019-02-28 17:19:23 [main] INFO  o.s.w.s.m.m.a.RequestMappingHandlerAdapter -
				Looking for @ControllerAdvice: org.springframework.boot.web.servlet.context.AnnotationConfigServletWebServerApplicationContext@63475ace: startup date [Thu Feb 28 17:19:20 IST 2019]; root of context hierarchy
2019-02-28 17:19:23 [main] INFO  o.s.w.s.h.SimpleUrlHandlerMapping -
				Mapped URL path [/webjars/**] onto handler of type [class org.springframework.web.servlet.resource.ResourceHttpRequestHandler]
2019-02-28 17:19:23 [main] INFO  o.s.w.s.h.SimpleUrlHandlerMapping -
				Mapped URL path [/**] onto handler of type [class org.springframework.web.servlet.resource.ResourceHttpRequestHandler]
2019-02-28 17:19:23 [main] INFO  o.s.j.e.a.AnnotationMBeanExporter -
				Registering beans for JMX exposure on startup
2019-02-28 17:19:23 [main] INFO  o.s.c.s.DefaultLifecycleProcessor -
				Starting beans in phase 2147483647
2019-02-28 17:19:23 [main] INFO  s.d.s.w.p.DocumentationPluginsBootstrapper -
				Context refreshed
2019-02-28 17:19:23 [main] INFO  s.d.s.w.p.DocumentationPluginsBootstrapper -
				Found 1 custom documentation plugin(s)
2019-02-28 17:19:24 [main] INFO  s.d.s.w.s.ApiListingReferenceScanner -
				Scanning for api listing references
2019-02-28 17:19:24 [main] INFO  o.a.coyote.http11.Http11NioProtocol -
				Starting ProtocolHandler ["http-nio-8082"]
2019-02-28 17:19:24 [main] INFO  o.a.tomcat.util.net.NioSelectorPool -
				Using a shared selector for servlet write/read
2019-02-28 17:19:24 [main] INFO  o.s.b.w.e.tomcat.TomcatWebServer -
				Tomcat started on port(s): 8082 (http) with context path ''
2019-02-28 17:19:24 [main] INFO  c.s.keepnote.NoteServiceApplication -
				Started NoteServiceApplication in 4.03 seconds (JVM running for 4.687)
2019-02-28 17:20:49 [RMI TCP Connection(10)-10.141.94.111] INFO  o.s.b.a.SpringApplicationAdminMXBeanRegistrar$SpringApplicationAdmin -
				Application shutdown requested.
2019-02-28 17:20:49 [RMI TCP Connection(10)-10.141.94.111] INFO  o.s.b.w.s.c.AnnotationConfigServletWebServerApplicationContext -
				Closing org.springframework.boot.web.servlet.context.AnnotationConfigServletWebServerApplicationContext@63475ace: startup date [Thu Feb 28 17:19:20 IST 2019]; root of context hierarchy
2019-02-28 17:20:49 [RMI TCP Connection(10)-10.141.94.111] INFO  o.s.c.s.DefaultLifecycleProcessor -
				Stopping beans in phase 2147483647
2019-02-28 17:20:49 [RMI TCP Connection(10)-10.141.94.111] INFO  o.s.j.e.a.AnnotationMBeanExporter -
				Unregistering JMX-exposed beans on shutdown
